<?xml version="1.0" encoding="UTF-8"?>
<!-- Generated by org.testng.reporters.JUnitReportReporter -->
<testsuite skipped="0" hostname="qapitol-ThinkPad-L470" name="nseindiaExcel.ReadFromExcel" tests="1" failures="0" timestamp="2019-11-10T21:35:58 IST" time="29.988" errors="0">
  <testcase name="readingFile" time="29.988" classname="nseindiaExcel.ReadFromExcel"/>
</testsuite> <!-- nseindiaExcel.ReadFromExcel -->
