<?xml version="1.0" encoding="UTF-8"?>
<!-- Generated by org.testng.reporters.JUnitReportReporter -->
<testsuite skipped="0" hostname="qapitol-ThinkPad-L470" name="shoppersStop.ShoppersStopChallenge" tests="1" failures="0" timestamp="2019-11-07T23:44:47 IST" time="25.827" errors="0">
  <testcase name="cityInShppersStop" time="25.827" classname="shoppersStop.ShoppersStopChallenge"/>
</testsuite> <!-- shoppersStop.ShoppersStopChallenge -->
