<?xml version="1.0" encoding="UTF-8"?>
<!-- Generated by org.testng.reporters.JUnitReportReporter -->
<testsuite skipped="0" hostname="qapitol-ThinkPad-L470" name="nseindiaChallenge.nseindiaPrintingNames" tests="1" failures="0" timestamp="2019-11-08T12:31:33 IST" time="2.408" errors="0">
  <testcase name="FindingValuet" time="2.408" classname="nseindiaChallenge.nseindiaPrintingNames"/>
</testsuite> <!-- nseindiaChallenge.nseindiaPrintingNames -->
