<?xml version="1.0" encoding="UTF-8"?>
<!-- Generated by org.testng.reporters.JUnitReportReporter -->
<testsuite skipped="0" hostname="qapitol-ThinkPad-L470" name="nseindiaChallenge.nseindianMinimumValue" tests="1" failures="0" timestamp="2019-11-08T12:30:05 IST" time="0.240" errors="0">
  <testcase name="testCase" time="0.240" classname="nseindiaChallenge.nseindianMinimumValue"/>
</testsuite> <!-- nseindiaChallenge.nseindianMinimumValue -->
